<?xml version="1.0" encoding="UTF-8"?>
<!-- Generated by org.testng.reporters.JUnitXMLReporter -->
<testsuite hostname="admin1-HP-Compaq-8200-Elite-CMT-PC" ignored="6" name="GRP-sanity" tests="3" failures="0" timestamp="2022-07-13T12:21:01 IST" time="0.111" errors="0">
  <testcase name="method1" time="0.021" classname="AllFormControl.ActionClassDemo"/>
  <testcase name="method2" time="0.004" classname="AllFormControl.ActionClassDemo"/>
  <testcase name="method3" time="0.001" classname="AllFormControl.ActionClassDemo"/>
  <testcase name="method7" time="0.0" classname="AllFormControl.ActionClassDemo">
    <ignored/>
  </testcase> <!-- method7 -->
  <testcase name="method6" time="0.0" classname="AllFormControl.ActionClassDemo">
    <ignored/>
  </testcase> <!-- method6 -->
  <testcase name="method5" time="0.0" classname="AllFormControl.ActionClassDemo">
    <ignored/>
  </testcase> <!-- method5 -->
  <testcase name="method4" time="0.0" classname="AllFormControl.ActionClassDemo">
    <ignored/>
  </testcase> <!-- method4 -->
  <testcase name="method9" time="0.0" classname="AllFormControl.ActionClassDemo">
    <ignored/>
  </testcase> <!-- method9 -->
  <testcase name="method8" time="0.0" classname="AllFormControl.ActionClassDemo">
    <ignored/>
  </testcase> <!-- method8 -->
</testsuite> <!-- GRP-sanity -->
