<?xml version="1.0" encoding="UTF-8"?>
<!-- Generated by org.testng.reporters.JUnitXMLReporter -->
<testsuite hostname="admin1-HP-Compaq-8200-Elite-CMT-PC" ignored="3" name="GRP-regression,sanity" tests="6" failures="0" timestamp="2022-07-13T12:21:31 IST" time="0.06" errors="0">
  <testcase name="method1" time="0.008" classname="AllFormControl.ActionClassDemo"/>
  <testcase name="method2" time="0.002" classname="AllFormControl.ActionClassDemo"/>
  <testcase name="method3" time="0.001" classname="AllFormControl.ActionClassDemo"/>
  <testcase name="method7" time="0.001" classname="AllFormControl.ActionClassDemo"/>
  <testcase name="method8" time="0.001" classname="AllFormControl.ActionClassDemo"/>
  <testcase name="method9" time="0.001" classname="AllFormControl.ActionClassDemo"/>
  <testcase name="method6" time="0.0" classname="AllFormControl.ActionClassDemo">
    <ignored/>
  </testcase> <!-- method6 -->
  <testcase name="method5" time="0.0" classname="AllFormControl.ActionClassDemo">
    <ignored/>
  </testcase> <!-- method5 -->
  <testcase name="method4" time="0.0" classname="AllFormControl.ActionClassDemo">
    <ignored/>
  </testcase> <!-- method4 -->
</testsuite> <!-- GRP-regression,sanity -->
