<?xml version="1.0" encoding="UTF-8"?>
<!-- Generated by org.testng.reporters.JUnitXMLReporter -->
<testsuite hostname="admin1-HP-Compaq-8200-Elite-CMT-PC" ignored="0" name="Test" tests="6" failures="0" timestamp="2022-07-13T12:41:03 IST" time="28.669" errors="0">
  <testcase name="methoda" time="0.007" classname="com.test1.TestNgPriority"/>
  <testcase name="methodp" time="0.002" classname="com.test1.TestNgPriority"/>
  <testcase name="method" time="0.001" classname="com.test1.AssertDemo"/>
  <testcase name="radioButtonMethod" time="2.209" classname="AllFormControl.RadioButton"/>
  <testcase name="checkboxButtonMethod" time="0.06" classname="AllFormControl.RadioButton"/>
  <testcase name="selectMethod" time="0.167" classname="AllFormControl.RadioButton"/>
</testsuite> <!-- Test -->
