<?xml version="1.0" encoding="UTF-8"?>
<!-- Generated by org.testng.reporters.JUnitXMLReporter -->
<testsuite hostname="admin1-HP-Compaq-8200-Elite-CMT-PC" ignored="0" name="Test" tests="16" failures="1" timestamp="2022-07-13T16:08:16 IST" time="67.188" errors="0">
  <testcase name="methoda" time="0.008" classname="com.test1.TestNgPriority"/>
  <testcase name="methodp" time="0.002" classname="com.test1.TestNgPriority"/>
  <testcase name="method" time="0.001" classname="com.test1.AssertDemo"/>
  <testcase name="method" time="0.002" classname="com.test1.assertClass"/>
  <testcase name="method2" time="0.001" classname="com.test1.assertClass"/>
  <testcase name="method3" time="0.002" classname="com.test1.assertClass">
    <failure type="java.lang.AssertionError" message="Welcome to baba expected:&amp;lt;Wecccclcome to baba&amp;gt; but was:&amp;lt;HHHHHHHHHHHHHHHHHH&amp;gt;">
      <![CDATA[java.lang.AssertionError: Welcome to baba expected:<Wecccclcome to baba> but was:<HHHHHHHHHHHHHHHHHH>
at com.test1.assertClass.method3(assertClass.java:25)
at java.util.ArrayList.forEach(ArrayList.java:1257)
... Removed 28 stack frames]]>
    </failure>
  </testcase> <!-- method3 -->
  <testcase name="method1" time="3.943" classname="com.test1.TestNGExample"/>
  <testcase name="method2" time="2.845" classname="com.test1.TestNGExample"/>
  <testcase name="method3" time="10.552" classname="com.test1.TestNGExample"/>
  <testcase name="dataGetMethod" time="7.903" classname="com.test1.DataProvideDemo"/>
  <testcase name="dataGetMethod" time="9.866" classname="com.test1.DataProvideDemo"/>
  <testcase name="dataGetMethod" time="8.827" classname="com.test1.DataProvideDemo"/>
  <testcase name="dataGetMethod" time="10.482" classname="com.test1.DataProvideDemo"/>
  <testcase name="dataGetMethod" time="12.671" classname="com.test1.DataProvideDemo"/>
  <testcase name="method3" time="0.002" classname="com.test1.data"/>
  <testcase name="method4" time="0.001" classname="com.test1.data"/>
</testsuite> <!-- Test -->
